
                            < M A T L A B (R) >
                  Copyright 1984-2014 The MathWorks, Inc.
                    R2014a (8.3.0.532) 64-bit (glnxa64)
                             February 11, 2014


	This is a Classroom License for instructional use only.
	Research and commercial use is prohibited.
 
To get started, type one of these: helpwin, helpdesk, or demo.
For product information, visit www.mathworks.com.
 
>> >> >> >> >> >> >> >> >> >> >> 
numBases =

        3200

>> 
numPatches =

      800000

>> 
rfSize =

    32

>> >> >> 
alpha =

    0.2500

>> 
lambda =

     1

>> >> 
encoder =

thresh

>> 
encParam =

    0.2500

>> >> 
L =

    0.0100

>> >> >> >> >> >> ### Time elapsed since beginning: 0.00 h.
>> Running OMP1 . . .
>> Running GSVQ:  iteration=1... 
Running GSVQ:  iteration=2... 
Running GSVQ:  iteration=3... 
Running GSVQ:  iteration=4... 
Running GSVQ:  iteration=5... 
Running GSVQ:  iteration=6... 
Running GSVQ:  iteration=7... 
Running GSVQ:  iteration=8... 
Running GSVQ:  iteration=9... 
Running GSVQ:  iteration=10... 
Running GSVQ:  iteration=11... 
Running GSVQ:  iteration=12... 
Running GSVQ:  iteration=13... 
Running GSVQ:  iteration=14... 
Running GSVQ:  iteration=15... 
Running GSVQ:  iteration=16... 
Running GSVQ:  iteration=17... 
Running GSVQ:  iteration=18... 
Running GSVQ:  iteration=19... 
Running GSVQ:  iteration=20... 
Running GSVQ:  iteration=21... 
Running GSVQ:  iteration=22... 
Running GSVQ:  iteration=23... 
Running GSVQ:  iteration=24... 
Running GSVQ:  iteration=25... 
Running GSVQ:  iteration=26... 
Running GSVQ:  iteration=27... 
Running GSVQ:  iteration=28... 
Running GSVQ:  iteration=29... 
Running GSVQ:  iteration=30... 
Running GSVQ:  iteration=31... 
Running GSVQ:  iteration=32... 
Running GSVQ:  iteration=33... 
Running GSVQ:  iteration=34... 
Running GSVQ:  iteration=35... 
Running GSVQ:  iteration=36... 
Running GSVQ:  iteration=37... 
Running GSVQ:  iteration=38... 
Running GSVQ:  iteration=39... 
Running GSVQ:  iteration=40... 
Running GSVQ:  iteration=41... 
Running GSVQ:  iteration=42... 
Running GSVQ:  iteration=43... 
Running GSVQ:  iteration=44... 
Running GSVQ:  iteration=45... 
Running GSVQ:  iteration=46... 
Running GSVQ:  iteration=47... 
Running GSVQ:  iteration=48... 
Running GSVQ:  iteration=49... 
Running GSVQ:  iteration=50... 
>> ### OMP1 took 115.15 m.
>> >> >> >> >> >> >> >> ### Time elapsed since beginning: 1.92 h.
>> Extracting training features . . .
>> 
Extracting training features: 1 / 500: im2col... normalizing... whitening... activation... pooling... 
Extracting training features: 2 / 500: im2col... normalizing... whitening... activation... pooling... 
Extracting training features: 3 / 500: im2col... normalizing... whitening... activation... pooling... 
Extracting training features: 4 / 500: im2col... normalizing... whitening... activation... pooling... 
Extracting training features: 5 / 500: im2col... normalizing... whitening... activation... pooling... 
Extracting training features: 6 / 500: im2col... normalizing... whitening... activation... pooling... 
Extracting training features: 7 / 500: im2col... normalizing... whitening... activation... pooling... 
Extracting training features: 8 / 500: im2col... normalizing... whitening... activation... pooling... 
Extracting training features: 9 / 500: im2col... normalizing... whitening... activation... pooling... 
Extracting training features: 10 / 500: im2col... normalizing... whitening... activation... pooling... 
Extracting training features: 11 / 500: im2col... normalizing... whitening... activation... pooling... 
Extracting training features: 12 / 500: im2col... normalizing... whitening... activation... pooling... 
Extracting training features: 13 / 500: im2col... normalizing... whitening... activation... pooling... 
Extracting training features: 14 / 500: im2col... normalizing... whitening... activation... pooling... 
Extracting training features: 15 / 500: im2col... normalizing... whitening... activation... pooling... 
Extracting training features: 16 / 500: im2col... normalizing... whitening... activation... pooling... 
Extracting training features: 17 / 500: im2col... normalizing... whitening... activation... pooling... 
Extracting training features: 18 / 500: im2col... normalizing... whitening... activation... pooling... 
Extracting training features: 19 / 500: im2col... normalizing... whitening... activation... pooling... 
Extracting training features: 20 / 500: im2col... normalizing... whitening... activation... pooling... 
Extracting training features: 21 / 500: im2col... normalizing... whitening... activation... pooling... 
Extracting training features: 22 / 500: im2col... normalizing... whitening... activation... pooling... 
Extracting training features: 23 / 500: im2col... normalizing... whitening... activation... pooling... 
Extracting training features: 24 / 500: im2col... normalizing... whitening... activation... pooling... 
Extracting training features: 25 / 500: im2col... normalizing... whitening... activation... pooling... 
Extracting training features: 26 / 500: im2col... normalizing... whitening... activation... pooling... 
Extracting training features: 27 / 500: im2col... normalizing... whitening... activation... pooling... 
Extracting training features: 28 / 500: im2col... normalizing... whitening... activation... pooling... 
Extracting training features: 29 / 500: im2col... normalizing... whitening... activation... pooling... 
Extracting training features: 30 / 500: im2col... normalizing... whitening... activation... pooling... 
Extracting training features: 31 / 500: im2col... normalizing... whitening... activation... pooling... 
Extracting training features: 32 / 500: im2col... normalizing... whitening... activation... pooling... 
Extracting training features: 33 / 500: im2col... normalizing... whitening... activation... pooling... 
Extracting training features: 34 / 500: im2col... normalizing... whitening... activation... pooling... 
Extracting training features: 35 / 500: im2col... normalizing... whitening... activation... pooling... 
Extracting training features: 36 / 500: im2col... normalizing... whitening... activation... pooling... 
Extracting training features: 37 / 500: im2col... normalizing... whitening... activation... pooling... 
Extracting training features: 38 / 500: im2col... normalizing... whitening... activation... pooling... 
Extracting training features: 39 / 500: im2col... normalizing... whitening... activation... pooling... 
Extracting training features: 40 / 500: im2col... normalizing... whitening... activation... pooling... 
Extracting training features: 41 / 500: im2col... normalizing... whitening... activation... pooling... 
Extracting training features: 42 / 500: im2col... normalizing... whitening... activation... pooling... 
Extracting training features: 43 / 500: im2col... normalizing... whitening... activation... pooling... 
Extracting training features: 44 / 500: im2col... normalizing... whitening... activation... pooling... 
Extracting training features: 45 / 500: im2col... normalizing... whitening... activation... pooling... 
Extracting training features: 46 / 500: im2col... normalizing... whitening... activation... pooling... 
Extracting training features: 47 / 500: im2col... normalizing... whitening... activation... pooling... 
Extracting training features: 48 / 500: im2col... normalizing... whitening... activation... pooling... 
Extracting training features: 49 / 500: im2col... normalizing... whitening... activation... pooling... 
Extracting training features: 50 / 500: im2col... normalizing... whitening... activation... pooling... 
Extracting training features: 51 / 500: im2col... normalizing... whitening... activation... pooling... 
Extracting training features: 52 / 500: im2col... normalizing... whitening... activation... pooling... 
Extracting training features: 53 / 500: im2col... normalizing... whitening... activation... pooling... 
Extracting training features: 54 / 500: im2col... normalizing... whitening... activation... pooling... 
Extracting training features: 55 / 500: im2col... normalizing... whitening... activation... pooling... 
Extracting training features: 56 / 500: im2col... normalizing... whitening... activation... pooling... 
Extracting training features: 57 / 500: im2col... normalizing... whitening... activation... pooling... 
Extracting training features: 58 / 500: im2col... normalizing... whitening... activation... pooling... 
Extracting training features: 59 / 500: im2col... normalizing... whitening... activation... pooling... 
Extracting training features: 60 / 500: im2col... normalizing... whitening... activation... pooling... 
Extracting training features: 61 / 500: im2col... normalizing... whitening... activation... pooling... 
Extracting training features: 62 / 500: im2col... normalizing... whitening... activation... pooling... 
Extracting training features: 63 / 500: im2col... normalizing... whitening... activation... pooling... 
Extracting training features: 64 / 500: im2col... normalizing... whitening... activation... pooling... 
Extracting training features: 65 / 500: im2col... normalizing... whitening... activation... pooling... 
Extracting training features: 66 / 500: im2col... normalizing... whitening... activation... pooling... 
Extracting training features: 67 / 500: im2col... normalizing... whitening... activation... pooling... 
Extracting training features: 68 / 500: im2col... normalizing... whitening... activation... pooling... 
Extracting training features: 69 / 500: im2col... normalizing... whitening... activation... pooling... 
Extracting training features: 70 / 500: im2col... normalizing... whitening... activation... pooling... 
Extracting training features: 71 / 500: im2col... normalizing... whitening... activation... pooling... 
Extracting training features: 72 / 500: im2col... normalizing... whitening... activation... pooling... 
Extracting training features: 73 / 500: im2col... normalizing... whitening... activation... pooling... 
Extracting training features: 74 / 500: im2col... normalizing... whitening... activation... pooling... 
Extracting training features: 75 / 500: im2col... normalizing... whitening... activation... 